789  [main] INFO  com.sting.StingApplication - Starting StingApplication on HP-HP with PID 5676 (C:\Users\HP\Desktop\sting\sting_spring_boot\bin started by HP in C:\Users\HP\Desktop\sting\sting_spring_boot)
792  [main] DEBUG com.sting.StingApplication - Running with Spring Boot v1.4.0.RELEASE, Spring v4.3.2.RELEASE
792  [main] INFO  com.sting.StingApplication - No active profile set, falling back to default profiles: default
859  [main] INFO  o.s.b.c.e.AnnotationConfigEmbeddedWebApplicationContext - Refreshing org.springframework.boot.context.embedded.AnnotationConfigEmbeddedWebApplicationContext@52b1beb6: startup date [Thu Aug 25 18:05:23 KST 2016]; root of context hierarchy
1130 [background-preinit] DEBUG org.jboss.logging - Logging Provider: org.jboss.logging.Slf4jLoggerProvider found via system property
1135 [background-preinit] INFO  o.h.validator.internal.util.Version - HV000001: Hibernate Validator 5.2.4.Final
1156 [background-preinit] DEBUG o.h.v.i.e.r.DefaultTraversableResolver - Cannot find javax.persistence.Persistence on classpath. Assuming non JPA 2 environment. All properties will per default be traversable.
1791 [main] DEBUG o.m.s.b.a.MybatisAutoConfiguration - Searching for mappers annotated with @Mapper'
1794 [main] DEBUG o.m.s.b.a.MybatisAutoConfiguration - Using auto-configuration base package 'com.sting'
1799 [main] DEBUG o.m.s.mapper.ClassPathMapperScanner - Identified candidate component class: file [C:\Users\HP\Desktop\sting\sting_spring_boot\bin\com\sting\dao\UserDao.class]
1803 [main] DEBUG o.m.s.mapper.ClassPathMapperScanner - Creating MapperFactoryBean with name 'userDao' and 'com.sting.dao.UserDao' mapperInterface
1804 [main] DEBUG o.m.s.mapper.ClassPathMapperScanner - Enabling autowire by type for MapperFactoryBean with name 'userDao'.
2138 [main] INFO  o.s.c.s.PostProcessorRegistrationDelegate$BeanPostProcessorChecker - Bean 'org.springframework.transaction.annotation.ProxyTransactionManagementConfiguration' of type [class org.springframework.transaction.annotation.ProxyTransactionManagementConfiguration$$EnhancerBySpringCGLIB$$52c79570] is not eligible for getting processed by all BeanPostProcessors (for example: not eligible for auto-proxying)
2237 [main] DEBUG o.h.v.i.e.r.DefaultTraversableResolver - Cannot find javax.persistence.Persistence on classpath. Assuming non JPA 2 environment. All properties will per default be traversable.
2238 [main] DEBUG o.h.v.i.engine.ConfigurationImpl - Setting custom MessageInterpolator of type org.springframework.validation.beanvalidation.LocaleContextMessageInterpolator
2239 [main] DEBUG o.h.v.i.engine.ConfigurationImpl - Setting custom ConstraintValidatorFactory of type org.springframework.validation.beanvalidation.SpringConstraintValidatorFactory
2241 [main] DEBUG o.h.v.i.engine.ConfigurationImpl - Setting custom ParameterNameProvider of type com.sun.proxy.$Proxy45
2242 [main] DEBUG o.h.v.i.xml.ValidationXmlParser - Trying to load META-INF/validation.xml for XML based Validator configuration.
2244 [main] DEBUG o.h.v.i.xml.ResourceLoaderHelper - Trying to load META-INF/validation.xml via user class loader
2244 [main] DEBUG o.h.v.i.xml.ResourceLoaderHelper - Trying to load META-INF/validation.xml via TCCL
2245 [main] DEBUG o.h.v.i.xml.ResourceLoaderHelper - Trying to load META-INF/validation.xml via Hibernate Validator's class loader
2245 [main] DEBUG o.h.v.i.xml.ValidationXmlParser - No META-INF/validation.xml found. Using annotation based configuration only.
2576 [main] INFO  o.s.b.c.e.t.TomcatEmbeddedServletContainer - Tomcat initialized with port(s): 8088 (http)
2589 [main] INFO  o.a.catalina.core.StandardService - Starting service Tomcat
2590 [main] INFO  o.a.catalina.core.StandardEngine - Starting Servlet Engine: Apache Tomcat/8.5.4
2971 [localhost-startStop-1] INFO  o.apache.jasper.servlet.TldScanner - At least one JAR was scanned for TLDs yet contained no TLDs. Enable debug logging for this logger for a complete list of JARs that were scanned but no TLDs were found in them. Skipping unneeded JARs during scanning can improve startup time and JSP compilation time.
2975 [localhost-startStop-1] INFO  o.a.c.c.C.[Tomcat].[localhost].[/] - Initializing Spring embedded WebApplicationContext
2976 [localhost-startStop-1] INFO  o.s.web.context.ContextLoader - Root WebApplicationContext: initialization completed in 2117 ms
3231 [localhost-startStop-1] INFO  o.s.b.w.s.FilterRegistrationBean - Mapping filter: 'characterEncodingFilter' to: [/*]
3231 [localhost-startStop-1] INFO  o.s.b.w.s.FilterRegistrationBean - Mapping filter: 'hiddenHttpMethodFilter' to: [/*]
3231 [localhost-startStop-1] INFO  o.s.b.w.s.FilterRegistrationBean - Mapping filter: 'httpPutFormContentFilter' to: [/*]
3231 [localhost-startStop-1] INFO  o.s.b.w.s.FilterRegistrationBean - Mapping filter: 'requestContextFilter' to: [/*]
3233 [localhost-startStop-1] INFO  o.s.b.w.s.DelegatingFilterProxyRegistrationBean - Mapping filter: 'springSecurityFilterChain' to: [/*]
3233 [localhost-startStop-1] INFO  o.s.b.w.s.ServletRegistrationBean - Mapping servlet: 'dispatcherServlet' to [/]
3506 [main] DEBUG o.apache.ibatis.logging.LogFactory - Logging initialized using 'class org.apache.ibatis.logging.slf4j.Slf4jImpl' adapter.
3511 [main] DEBUG o.m.spring.SqlSessionFactoryBean - Property `configuration` or 'configLocation' not specified, using default MyBatis Configuration
3673 [main] DEBUG o.m.spring.SqlSessionFactoryBean - Parsed mapper file: 'file [C:\Users\HP\Desktop\sting\sting_spring_boot\bin\mybatis\mapper\mapper.xml]'
4399 [main] INFO  o.s.s.w.DefaultSecurityFilterChain - Creating filter chain: org.springframework.security.web.util.matcher.AnyRequestMatcher@1, [org.springframework.security.web.context.request.async.WebAsyncManagerIntegrationFilter@26b95b0b, org.springframework.security.web.context.SecurityContextPersistenceFilter@5f117b3d, org.springframework.security.web.header.HeaderWriterFilter@29f85fe1, org.springframework.security.web.csrf.CsrfFilter@36c0d0bd, org.springframework.security.web.authentication.logout.LogoutFilter@2ec3633f, org.springframework.security.web.authentication.UsernamePasswordAuthenticationFilter@11a8042c, org.springframework.security.web.savedrequest.RequestCacheAwareFilter@71b6d77f, org.springframework.security.web.servletapi.SecurityContextHolderAwareRequestFilter@3f685162, org.springframework.security.web.authentication.AnonymousAuthenticationFilter@5f7da3d3, org.springframework.security.web.session.SessionManagementFilter@396ef8b2, org.springframework.security.web.access.ExceptionTranslationFilter@126f1ba8, org.springframework.security.web.access.intercept.FilterSecurityInterceptor@52169758]
4475 [main] DEBUG o.h.v.i.e.r.DefaultTraversableResolver - Cannot find javax.persistence.Persistence on classpath. Assuming non JPA 2 environment. All properties will per default be traversable.
4476 [main] DEBUG o.h.v.i.engine.ConfigurationImpl - Setting custom MessageInterpolator of type org.springframework.validation.beanvalidation.LocaleContextMessageInterpolator
4476 [main] DEBUG o.h.v.i.engine.ConfigurationImpl - Setting custom ConstraintValidatorFactory of type org.springframework.validation.beanvalidation.SpringConstraintValidatorFactory
4476 [main] DEBUG o.h.v.i.engine.ConfigurationImpl - Setting custom ParameterNameProvider of type com.sun.proxy.$Proxy45
4476 [main] DEBUG o.h.v.i.xml.ValidationXmlParser - Trying to load META-INF/validation.xml for XML based Validator configuration.
4476 [main] DEBUG o.h.v.i.xml.ResourceLoaderHelper - Trying to load META-INF/validation.xml via user class loader
4477 [main] DEBUG o.h.v.i.xml.ResourceLoaderHelper - Trying to load META-INF/validation.xml via TCCL
4477 [main] DEBUG o.h.v.i.xml.ResourceLoaderHelper - Trying to load META-INF/validation.xml via Hibernate Validator's class loader
4477 [main] DEBUG o.h.v.i.xml.ValidationXmlParser - No META-INF/validation.xml found. Using annotation based configuration only.
4494 [main] INFO  o.s.w.s.m.m.a.RequestMappingHandlerAdapter - Looking for @ControllerAdvice: org.springframework.boot.context.embedded.AnnotationConfigEmbeddedWebApplicationContext@52b1beb6: startup date [Thu Aug 25 18:05:23 KST 2016]; root of context hierarchy
4591 [main] INFO  o.s.w.s.m.m.a.RequestMappingHandlerMapping - Mapped "{[/loginProcess.do]}" onto public java.lang.String com.sting.controller.AuthController.loginProcess(org.springframework.ui.Model)
4592 [main] INFO  o.s.w.s.m.m.a.RequestMappingHandlerMapping - Mapped "{[/]}" onto public java.lang.String com.sting.controller.MainController.index(org.springframework.ui.Model)
4593 [main] INFO  o.s.w.s.m.m.a.RequestMappingHandlerMapping - Mapped "{[/login]}" onto public java.lang.String com.sting.controller.MainController.tt(org.springframework.ui.Model)
4593 [main] INFO  o.s.w.s.m.m.a.RequestMappingHandlerMapping - Mapped "{[/admin]}" onto public java.lang.String com.sting.controller.MainController.adminP()
4593 [main] INFO  o.s.w.s.m.m.a.RequestMappingHandlerMapping - Mapped "{[/insert]}" onto public java.lang.String com.sting.controller.MainController.hh()
4596 [main] INFO  o.s.w.s.m.m.a.RequestMappingHandlerMapping - Mapped "{[/error]}" onto public org.springframework.http.ResponseEntity<java.util.Map<java.lang.String, java.lang.Object>> org.springframework.boot.autoconfigure.web.BasicErrorController.error(javax.servlet.http.HttpServletRequest)
4596 [main] INFO  o.s.w.s.m.m.a.RequestMappingHandlerMapping - Mapped "{[/error],produces=[text/html]}" onto public org.springframework.web.servlet.ModelAndView org.springframework.boot.autoconfigure.web.BasicErrorController.errorHtml(javax.servlet.http.HttpServletRequest,javax.servlet.http.HttpServletResponse)
4635 [main] INFO  o.s.w.s.h.SimpleUrlHandlerMapping - Mapped URL path [/webjars/**] onto handler of type [class org.springframework.web.servlet.resource.ResourceHttpRequestHandler]
4635 [main] INFO  o.s.w.s.h.SimpleUrlHandlerMapping - Mapped URL path [/**] onto handler of type [class org.springframework.web.servlet.resource.ResourceHttpRequestHandler]
4690 [main] INFO  o.s.w.s.h.SimpleUrlHandlerMapping - Mapped URL path [/**/favicon.ico] onto handler of type [class org.springframework.web.servlet.resource.ResourceHttpRequestHandler]
4734 [main] DEBUG o.m.s.b.a.MybatisAutoConfiguration - No org.mybatis.spring.mapper.MapperFactoryBean found.
4936 [main] INFO  o.s.j.e.a.AnnotationMBeanExporter - Registering beans for JMX exposure on startup
4955 [main] INFO  o.a.coyote.http11.Http11NioProtocol - Initializing ProtocolHandler ["http-nio-8088"]
4965 [main] INFO  o.a.coyote.http11.Http11NioProtocol - Starting ProtocolHandler [http-nio-8088]
4977 [main] INFO  o.a.tomcat.util.net.NioSelectorPool - Using a shared selector for servlet write/read
5004 [main] INFO  o.s.b.c.e.t.TomcatEmbeddedServletContainer - Tomcat started on port(s): 8088 (http)
5008 [main] INFO  com.sting.StingApplication - Started StingApplication in 4.56 seconds (JVM running for 5.48)
14733 [http-nio-8088-exec-1] INFO  o.a.c.c.C.[Tomcat].[localhost].[/] - Initializing Spring FrameworkServlet 'dispatcherServlet'
14733 [http-nio-8088-exec-1] INFO  o.s.web.servlet.DispatcherServlet - FrameworkServlet 'dispatcherServlet': initialization started
14754 [http-nio-8088-exec-1] INFO  o.s.web.servlet.DispatcherServlet - FrameworkServlet 'dispatcherServlet': initialization completed in 21 ms
14793 [http-nio-8088-exec-1] DEBUG com.sting.controller.MainController - aa
35483 [http-nio-8088-exec-5] DEBUG com.sting.controller.MainController - aa
182893 [RMI TCP Connection(2)-192.168.0.39] INFO  o.s.b.a.SpringApplicationAdminMXBeanRegistrar$SpringApplicationAdmin - Application shutdown requested.
182894 [RMI TCP Connection(2)-192.168.0.39] INFO  o.s.b.c.e.AnnotationConfigEmbeddedWebApplicationContext - Closing org.springframework.boot.context.embedded.AnnotationConfigEmbeddedWebApplicationContext@52b1beb6: startup date [Thu Aug 25 18:05:23 KST 2016]; root of context hierarchy
182895 [RMI TCP Connection(2)-192.168.0.39] INFO  o.s.j.e.a.AnnotationMBeanExporter - Unregistering JMX-exposed beans on shutdown
822  [main] INFO  com.sting.StingApplication - Starting StingApplication on HP-HP with PID 9628 (C:\Users\HP\Desktop\sting\sting\bin started by HP in C:\Users\HP\Desktop\sting\sting)
825  [main] DEBUG com.sting.StingApplication - Running with Spring Boot v1.4.0.RELEASE, Spring v4.3.2.RELEASE
825  [main] INFO  com.sting.StingApplication - No active profile set, falling back to default profiles: default
895  [main] INFO  o.s.b.c.e.AnnotationConfigEmbeddedWebApplicationContext - Refreshing org.springframework.boot.context.embedded.AnnotationConfigEmbeddedWebApplicationContext@52b1beb6: startup date [Thu Aug 25 18:12:13 KST 2016]; root of context hierarchy
1053 [background-preinit] DEBUG org.jboss.logging - Logging Provider: org.jboss.logging.Slf4jLoggerProvider found via system property
1055 [background-preinit] INFO  o.h.validator.internal.util.Version - HV000001: Hibernate Validator 5.2.4.Final
1190 [background-preinit] DEBUG o.h.v.i.e.r.DefaultTraversableResolver - Cannot find javax.persistence.Persistence on classpath. Assuming non JPA 2 environment. All properties will per default be traversable.
1893 [main] DEBUG o.m.s.b.a.MybatisAutoConfiguration - Searching for mappers annotated with @Mapper'
1903 [main] DEBUG o.m.s.b.a.MybatisAutoConfiguration - Using auto-configuration base package 'com.sting'
1911 [main] DEBUG o.m.s.mapper.ClassPathMapperScanner - Identified candidate component class: file [C:\Users\HP\Desktop\sting\sting\bin\com\sting\dao\UserDao.class]
1915 [main] DEBUG o.m.s.mapper.ClassPathMapperScanner - Creating MapperFactoryBean with name 'userDao' and 'com.sting.dao.UserDao' mapperInterface
1915 [main] DEBUG o.m.s.mapper.ClassPathMapperScanner - Enabling autowire by type for MapperFactoryBean with name 'userDao'.
2269 [main] INFO  o.s.c.s.PostProcessorRegistrationDelegate$BeanPostProcessorChecker - Bean 'org.springframework.transaction.annotation.ProxyTransactionManagementConfiguration' of type [class org.springframework.transaction.annotation.ProxyTransactionManagementConfiguration$$EnhancerBySpringCGLIB$$52c79570] is not eligible for getting processed by all BeanPostProcessors (for example: not eligible for auto-proxying)
2349 [main] DEBUG o.h.v.i.e.r.DefaultTraversableResolver - Cannot find javax.persistence.Persistence on classpath. Assuming non JPA 2 environment. All properties will per default be traversable.
2350 [main] DEBUG o.h.v.i.engine.ConfigurationImpl - Setting custom MessageInterpolator of type org.springframework.validation.beanvalidation.LocaleContextMessageInterpolator
2351 [main] DEBUG o.h.v.i.engine.ConfigurationImpl - Setting custom ConstraintValidatorFactory of type org.springframework.validation.beanvalidation.SpringConstraintValidatorFactory
2352 [main] DEBUG o.h.v.i.engine.ConfigurationImpl - Setting custom ParameterNameProvider of type com.sun.proxy.$Proxy45
2354 [main] DEBUG o.h.v.i.xml.ValidationXmlParser - Trying to load META-INF/validation.xml for XML based Validator configuration.
2355 [main] DEBUG o.h.v.i.xml.ResourceLoaderHelper - Trying to load META-INF/validation.xml via user class loader
2356 [main] DEBUG o.h.v.i.xml.ResourceLoaderHelper - Trying to load META-INF/validation.xml via TCCL
2356 [main] DEBUG o.h.v.i.xml.ResourceLoaderHelper - Trying to load META-INF/validation.xml via Hibernate Validator's class loader
2356 [main] DEBUG o.h.v.i.xml.ValidationXmlParser - No META-INF/validation.xml found. Using annotation based configuration only.
2737 [main] INFO  o.s.b.c.e.t.TomcatEmbeddedServletContainer - Tomcat initialized with port(s): 8088 (http)
2751 [main] INFO  o.a.catalina.core.StandardService - Starting service Tomcat
2752 [main] INFO  o.a.catalina.core.StandardEngine - Starting Servlet Engine: Apache Tomcat/8.5.4
3085 [localhost-startStop-1] INFO  o.apache.jasper.servlet.TldScanner - At least one JAR was scanned for TLDs yet contained no TLDs. Enable debug logging for this logger for a complete list of JARs that were scanned but no TLDs were found in them. Skipping unneeded JARs during scanning can improve startup time and JSP compilation time.
3090 [localhost-startStop-1] INFO  o.a.c.c.C.[Tomcat].[localhost].[/] - Initializing Spring embedded WebApplicationContext
3090 [localhost-startStop-1] INFO  o.s.web.context.ContextLoader - Root WebApplicationContext: initialization completed in 2195 ms
3457 [localhost-startStop-1] INFO  o.s.b.w.s.FilterRegistrationBean - Mapping filter: 'characterEncodingFilter' to: [/*]
3458 [localhost-startStop-1] INFO  o.s.b.w.s.FilterRegistrationBean - Mapping filter: 'hiddenHttpMethodFilter' to: [/*]
3458 [localhost-startStop-1] INFO  o.s.b.w.s.FilterRegistrationBean - Mapping filter: 'httpPutFormContentFilter' to: [/*]
3458 [localhost-startStop-1] INFO  o.s.b.w.s.FilterRegistrationBean - Mapping filter: 'requestContextFilter' to: [/*]
3459 [localhost-startStop-1] INFO  o.s.b.w.s.DelegatingFilterProxyRegistrationBean - Mapping filter: 'springSecurityFilterChain' to: [/*]
3459 [localhost-startStop-1] INFO  o.s.b.w.s.ServletRegistrationBean - Mapping servlet: 'dispatcherServlet' to [/]
3652 [main] DEBUG o.apache.ibatis.logging.LogFactory - Logging initialized using 'class org.apache.ibatis.logging.slf4j.Slf4jImpl' adapter.
3658 [main] DEBUG o.m.spring.SqlSessionFactoryBean - Property `configuration` or 'configLocation' not specified, using default MyBatis Configuration
3781 [main] DEBUG o.m.spring.SqlSessionFactoryBean - Parsed mapper file: 'file [C:\Users\HP\Desktop\sting\sting\bin\mybatis\mapper\mapper.xml]'
4337 [main] INFO  o.s.s.w.DefaultSecurityFilterChain - Creating filter chain: org.springframework.security.web.util.matcher.AnyRequestMatcher@1, [org.springframework.security.web.context.request.async.WebAsyncManagerIntegrationFilter@26b95b0b, org.springframework.security.web.context.SecurityContextPersistenceFilter@5f117b3d, org.springframework.security.web.header.HeaderWriterFilter@29f85fe1, org.springframework.security.web.csrf.CsrfFilter@36c0d0bd, org.springframework.security.web.authentication.logout.LogoutFilter@2ec3633f, org.springframework.security.web.authentication.UsernamePasswordAuthenticationFilter@11a8042c, org.springframework.security.web.savedrequest.RequestCacheAwareFilter@71b6d77f, org.springframework.security.web.servletapi.SecurityContextHolderAwareRequestFilter@3f685162, org.springframework.security.web.authentication.AnonymousAuthenticationFilter@5f7da3d3, org.springframework.security.web.session.SessionManagementFilter@396ef8b2, org.springframework.security.web.access.ExceptionTranslationFilter@126f1ba8, org.springframework.security.web.access.intercept.FilterSecurityInterceptor@52169758]
4402 [main] DEBUG o.h.v.i.e.r.DefaultTraversableResolver - Cannot find javax.persistence.Persistence on classpath. Assuming non JPA 2 environment. All properties will per default be traversable.
4403 [main] DEBUG o.h.v.i.engine.ConfigurationImpl - Setting custom MessageInterpolator of type org.springframework.validation.beanvalidation.LocaleContextMessageInterpolator
4403 [main] DEBUG o.h.v.i.engine.ConfigurationImpl - Setting custom ConstraintValidatorFactory of type org.springframework.validation.beanvalidation.SpringConstraintValidatorFactory
4403 [main] DEBUG o.h.v.i.engine.ConfigurationImpl - Setting custom ParameterNameProvider of type com.sun.proxy.$Proxy45
4403 [main] DEBUG o.h.v.i.xml.ValidationXmlParser - Trying to load META-INF/validation.xml for XML based Validator configuration.
4403 [main] DEBUG o.h.v.i.xml.ResourceLoaderHelper - Trying to load META-INF/validation.xml via user class loader
4404 [main] DEBUG o.h.v.i.xml.ResourceLoaderHelper - Trying to load META-INF/validation.xml via TCCL
4404 [main] DEBUG o.h.v.i.xml.ResourceLoaderHelper - Trying to load META-INF/validation.xml via Hibernate Validator's class loader
4404 [main] DEBUG o.h.v.i.xml.ValidationXmlParser - No META-INF/validation.xml found. Using annotation based configuration only.
4422 [main] INFO  o.s.w.s.m.m.a.RequestMappingHandlerAdapter - Looking for @ControllerAdvice: org.springframework.boot.context.embedded.AnnotationConfigEmbeddedWebApplicationContext@52b1beb6: startup date [Thu Aug 25 18:12:13 KST 2016]; root of context hierarchy
4475 [main] INFO  o.s.w.s.m.m.a.RequestMappingHandlerMapping - Mapped "{[/loginProcess.do]}" onto public java.lang.String com.sting.controller.AuthController.loginProcess(org.springframework.ui.Model)
4477 [main] INFO  o.s.w.s.m.m.a.RequestMappingHandlerMapping - Mapped "{[/]}" onto public java.lang.String com.sting.controller.MainController.index(org.springframework.ui.Model)
4477 [main] INFO  o.s.w.s.m.m.a.RequestMappingHandlerMapping - Mapped "{[/login]}" onto public java.lang.String com.sting.controller.MainController.tt(org.springframework.ui.Model)
4478 [main] INFO  o.s.w.s.m.m.a.RequestMappingHandlerMapping - Mapped "{[/admin]}" onto public java.lang.String com.sting.controller.MainController.adminP()
4478 [main] INFO  o.s.w.s.m.m.a.RequestMappingHandlerMapping - Mapped "{[/insert]}" onto public java.lang.String com.sting.controller.MainController.hh()
4481 [main] INFO  o.s.w.s.m.m.a.RequestMappingHandlerMapping - Mapped "{[/error]}" onto public org.springframework.http.ResponseEntity<java.util.Map<java.lang.String, java.lang.Object>> org.springframework.boot.autoconfigure.web.BasicErrorController.error(javax.servlet.http.HttpServletRequest)
4482 [main] INFO  o.s.w.s.m.m.a.RequestMappingHandlerMapping - Mapped "{[/error],produces=[text/html]}" onto public org.springframework.web.servlet.ModelAndView org.springframework.boot.autoconfigure.web.BasicErrorController.errorHtml(javax.servlet.http.HttpServletRequest,javax.servlet.http.HttpServletResponse)
4517 [main] INFO  o.s.w.s.h.SimpleUrlHandlerMapping - Mapped URL path [/webjars/**] onto handler of type [class org.springframework.web.servlet.resource.ResourceHttpRequestHandler]
4517 [main] INFO  o.s.w.s.h.SimpleUrlHandlerMapping - Mapped URL path [/**] onto handler of type [class org.springframework.web.servlet.resource.ResourceHttpRequestHandler]
4548 [main] INFO  o.s.w.s.h.SimpleUrlHandlerMapping - Mapped URL path [/**/favicon.ico] onto handler of type [class org.springframework.web.servlet.resource.ResourceHttpRequestHandler]
4585 [main] DEBUG o.m.s.b.a.MybatisAutoConfiguration - No org.mybatis.spring.mapper.MapperFactoryBean found.
4751 [main] INFO  o.s.j.e.a.AnnotationMBeanExporter - Registering beans for JMX exposure on startup
4769 [main] INFO  o.a.coyote.http11.Http11NioProtocol - Initializing ProtocolHandler ["http-nio-8088"]
4779 [main] INFO  o.a.coyote.http11.Http11NioProtocol - Starting ProtocolHandler [http-nio-8088]
4791 [main] INFO  o.a.tomcat.util.net.NioSelectorPool - Using a shared selector for servlet write/read
4819 [main] INFO  o.s.b.c.e.t.TomcatEmbeddedServletContainer - Tomcat started on port(s): 8088 (http)
4824 [main] INFO  com.sting.StingApplication - Started StingApplication in 4.375 seconds (JVM running for 5.274)
105228 [RMI TCP Connection(2)-192.168.0.39] INFO  o.s.b.a.SpringApplicationAdminMXBeanRegistrar$SpringApplicationAdmin - Application shutdown requested.
105228 [RMI TCP Connection(2)-192.168.0.39] INFO  o.s.b.c.e.AnnotationConfigEmbeddedWebApplicationContext - Closing org.springframework.boot.context.embedded.AnnotationConfigEmbeddedWebApplicationContext@52b1beb6: startup date [Thu Aug 25 18:12:13 KST 2016]; root of context hierarchy
105229 [RMI TCP Connection(2)-192.168.0.39] INFO  o.s.j.e.a.AnnotationMBeanExporter - Unregistering JMX-exposed beans on shutdown
828  [main] INFO  com.sting.StingApplication - Starting StingApplication on HP-HP with PID 4788 (C:\Users\HP\Desktop\sting\sting\bin started by HP in C:\Users\HP\Desktop\sting\sting)
831  [main] DEBUG com.sting.StingApplication - Running with Spring Boot v1.4.0.RELEASE, Spring v4.3.2.RELEASE
831  [main] INFO  com.sting.StingApplication - No active profile set, falling back to default profiles: default
913  [main] INFO  o.s.b.c.e.AnnotationConfigEmbeddedWebApplicationContext - Refreshing org.springframework.boot.context.embedded.AnnotationConfigEmbeddedWebApplicationContext@52b1beb6: startup date [Thu Aug 25 18:14:01 KST 2016]; root of context hierarchy
1058 [background-preinit] DEBUG org.jboss.logging - Logging Provider: org.jboss.logging.Slf4jLoggerProvider found via system property
1060 [background-preinit] INFO  o.h.validator.internal.util.Version - HV000001: Hibernate Validator 5.2.4.Final
1141 [background-preinit] DEBUG o.h.v.i.e.r.DefaultTraversableResolver - Cannot find javax.persistence.Persistence on classpath. Assuming non JPA 2 environment. All properties will per default be traversable.
1729 [main] DEBUG o.m.s.b.a.MybatisAutoConfiguration - Searching for mappers annotated with @Mapper'
1733 [main] DEBUG o.m.s.b.a.MybatisAutoConfiguration - Using auto-configuration base package 'com.sting'
1738 [main] DEBUG o.m.s.mapper.ClassPathMapperScanner - Identified candidate component class: file [C:\Users\HP\Desktop\sting\sting\bin\com\sting\dao\UserDao.class]
1743 [main] DEBUG o.m.s.mapper.ClassPathMapperScanner - Creating MapperFactoryBean with name 'userDao' and 'com.sting.dao.UserDao' mapperInterface
1743 [main] DEBUG o.m.s.mapper.ClassPathMapperScanner - Enabling autowire by type for MapperFactoryBean with name 'userDao'.
2111 [main] INFO  o.s.c.s.PostProcessorRegistrationDelegate$BeanPostProcessorChecker - Bean 'org.springframework.transaction.annotation.ProxyTransactionManagementConfiguration' of type [class org.springframework.transaction.annotation.ProxyTransactionManagementConfiguration$$EnhancerBySpringCGLIB$$26969b58] is not eligible for getting processed by all BeanPostProcessors (for example: not eligible for auto-proxying)
2227 [main] DEBUG o.h.v.i.e.r.DefaultTraversableResolver - Cannot find javax.persistence.Persistence on classpath. Assuming non JPA 2 environment. All properties will per default be traversable.
2228 [main] DEBUG o.h.v.i.engine.ConfigurationImpl - Setting custom MessageInterpolator of type org.springframework.validation.beanvalidation.LocaleContextMessageInterpolator
2229 [main] DEBUG o.h.v.i.engine.ConfigurationImpl - Setting custom ConstraintValidatorFactory of type org.springframework.validation.beanvalidation.SpringConstraintValidatorFactory
2231 [main] DEBUG o.h.v.i.engine.ConfigurationImpl - Setting custom ParameterNameProvider of type com.sun.proxy.$Proxy45
2233 [main] DEBUG o.h.v.i.xml.ValidationXmlParser - Trying to load META-INF/validation.xml for XML based Validator configuration.
2235 [main] DEBUG o.h.v.i.xml.ResourceLoaderHelper - Trying to load META-INF/validation.xml via user class loader
2236 [main] DEBUG o.h.v.i.xml.ResourceLoaderHelper - Trying to load META-INF/validation.xml via TCCL
2236 [main] DEBUG o.h.v.i.xml.ResourceLoaderHelper - Trying to load META-INF/validation.xml via Hibernate Validator's class loader
2236 [main] DEBUG o.h.v.i.xml.ValidationXmlParser - No META-INF/validation.xml found. Using annotation based configuration only.
2588 [main] INFO  o.s.b.c.e.t.TomcatEmbeddedServletContainer - Tomcat initialized with port(s): 8088 (http)
2599 [main] INFO  o.a.catalina.core.StandardService - Starting service Tomcat
2600 [main] INFO  o.a.catalina.core.StandardEngine - Starting Servlet Engine: Apache Tomcat/8.5.4
2938 [localhost-startStop-1] INFO  o.apache.jasper.servlet.TldScanner - At least one JAR was scanned for TLDs yet contained no TLDs. Enable debug logging for this logger for a complete list of JARs that were scanned but no TLDs were found in them. Skipping unneeded JARs during scanning can improve startup time and JSP compilation time.
2943 [localhost-startStop-1] INFO  o.a.c.c.C.[Tomcat].[localhost].[/] - Initializing Spring embedded WebApplicationContext
2943 [localhost-startStop-1] INFO  o.s.web.context.ContextLoader - Root WebApplicationContext: initialization completed in 2031 ms
3167 [localhost-startStop-1] INFO  o.s.b.w.s.FilterRegistrationBean - Mapping filter: 'characterEncodingFilter' to: [/*]
3167 [localhost-startStop-1] INFO  o.s.b.w.s.FilterRegistrationBean - Mapping filter: 'hiddenHttpMethodFilter' to: [/*]
3167 [localhost-startStop-1] INFO  o.s.b.w.s.FilterRegistrationBean - Mapping filter: 'httpPutFormContentFilter' to: [/*]
3167 [localhost-startStop-1] INFO  o.s.b.w.s.FilterRegistrationBean - Mapping filter: 'requestContextFilter' to: [/*]
3169 [localhost-startStop-1] INFO  o.s.b.w.s.DelegatingFilterProxyRegistrationBean - Mapping filter: 'springSecurityFilterChain' to: [/*]
3170 [localhost-startStop-1] INFO  o.s.b.w.s.ServletRegistrationBean - Mapping servlet: 'dispatcherServlet' to [/]
3383 [main] DEBUG o.apache.ibatis.logging.LogFactory - Logging initialized using 'class org.apache.ibatis.logging.slf4j.Slf4jImpl' adapter.
3388 [main] DEBUG o.m.spring.SqlSessionFactoryBean - Property `configuration` or 'configLocation' not specified, using default MyBatis Configuration
3560 [main] DEBUG o.m.spring.SqlSessionFactoryBean - Parsed mapper file: 'file [C:\Users\HP\Desktop\sting\sting\bin\mybatis\mapper\mapper.xml]'
4171 [main] INFO  o.s.s.w.DefaultSecurityFilterChain - Creating filter chain: org.springframework.security.web.util.matcher.AnyRequestMatcher@1, [org.springframework.security.web.context.request.async.WebAsyncManagerIntegrationFilter@3a22bad6, org.springframework.security.web.context.SecurityContextPersistenceFilter@1866da85, org.springframework.security.web.header.HeaderWriterFilter@72825400, org.springframework.security.web.csrf.CsrfFilter@382c90c2, org.springframework.security.web.authentication.logout.LogoutFilter@15b82644, org.springframework.security.web.authentication.UsernamePasswordAuthenticationFilter@35eb4a3b, org.springframework.security.web.savedrequest.RequestCacheAwareFilter@78226c36, org.springframework.security.web.servletapi.SecurityContextHolderAwareRequestFilter@622fdb81, org.springframework.security.web.authentication.AnonymousAuthenticationFilter@56afdf9a, org.springframework.security.web.session.SessionManagementFilter@5f117b3d, org.springframework.security.web.access.ExceptionTranslationFilter@29f85fe1, org.springframework.security.web.access.intercept.FilterSecurityInterceptor@6b4283c4]
4237 [main] DEBUG o.h.v.i.e.r.DefaultTraversableResolver - Cannot find javax.persistence.Persistence on classpath. Assuming non JPA 2 environment. All properties will per default be traversable.
4238 [main] DEBUG o.h.v.i.engine.ConfigurationImpl - Setting custom MessageInterpolator of type org.springframework.validation.beanvalidation.LocaleContextMessageInterpolator
4238 [main] DEBUG o.h.v.i.engine.ConfigurationImpl - Setting custom ConstraintValidatorFactory of type org.springframework.validation.beanvalidation.SpringConstraintValidatorFactory
4238 [main] DEBUG o.h.v.i.engine.ConfigurationImpl - Setting custom ParameterNameProvider of type com.sun.proxy.$Proxy45
4238 [main] DEBUG o.h.v.i.xml.ValidationXmlParser - Trying to load META-INF/validation.xml for XML based Validator configuration.
4238 [main] DEBUG o.h.v.i.xml.ResourceLoaderHelper - Trying to load META-INF/validation.xml via user class loader
4239 [main] DEBUG o.h.v.i.xml.ResourceLoaderHelper - Trying to load META-INF/validation.xml via TCCL
4239 [main] DEBUG o.h.v.i.xml.ResourceLoaderHelper - Trying to load META-INF/validation.xml via Hibernate Validator's class loader
4239 [main] DEBUG o.h.v.i.xml.ValidationXmlParser - No META-INF/validation.xml found. Using annotation based configuration only.
4258 [main] INFO  o.s.w.s.m.m.a.RequestMappingHandlerAdapter - Looking for @ControllerAdvice: org.springframework.boot.context.embedded.AnnotationConfigEmbeddedWebApplicationContext@52b1beb6: startup date [Thu Aug 25 18:14:01 KST 2016]; root of context hierarchy
4332 [main] INFO  o.s.w.s.m.m.a.RequestMappingHandlerMapping - Mapped "{[/loginProcess.do]}" onto public java.lang.String com.sting.controller.AuthController.loginProcess(org.springframework.ui.Model)
4335 [main] INFO  o.s.w.s.m.m.a.RequestMappingHandlerMapping - Mapped "{[/]}" onto public java.lang.String com.sting.controller.MainController.index(org.springframework.ui.Model)
4336 [main] INFO  o.s.w.s.m.m.a.RequestMappingHandlerMapping - Mapped "{[/login]}" onto public java.lang.String com.sting.controller.MainController.tt(org.springframework.ui.Model)
4336 [main] INFO  o.s.w.s.m.m.a.RequestMappingHandlerMapping - Mapped "{[/admin]}" onto public java.lang.String com.sting.controller.MainController.adminP()
4336 [main] INFO  o.s.w.s.m.m.a.RequestMappingHandlerMapping - Mapped "{[/jinuk]}" onto public java.lang.String com.sting.controller.MainController.jinuk()
4336 [main] INFO  o.s.w.s.m.m.a.RequestMappingHandlerMapping - Mapped "{[/insert]}" onto public java.lang.String com.sting.controller.MainController.hh()
4343 [main] INFO  o.s.w.s.m.m.a.RequestMappingHandlerMapping - Mapped "{[/error]}" onto public org.springframework.http.ResponseEntity<java.util.Map<java.lang.String, java.lang.Object>> org.springframework.boot.autoconfigure.web.BasicErrorController.error(javax.servlet.http.HttpServletRequest)
4344 [main] INFO  o.s.w.s.m.m.a.RequestMappingHandlerMapping - Mapped "{[/error],produces=[text/html]}" onto public org.springframework.web.servlet.ModelAndView org.springframework.boot.autoconfigure.web.BasicErrorController.errorHtml(javax.servlet.http.HttpServletRequest,javax.servlet.http.HttpServletResponse)
4381 [main] INFO  o.s.w.s.h.SimpleUrlHandlerMapping - Mapped URL path [/webjars/**] onto handler of type [class org.springframework.web.servlet.resource.ResourceHttpRequestHandler]
4382 [main] INFO  o.s.w.s.h.SimpleUrlHandlerMapping - Mapped URL path [/**] onto handler of type [class org.springframework.web.servlet.resource.ResourceHttpRequestHandler]
4419 [main] INFO  o.s.w.s.h.SimpleUrlHandlerMapping - Mapped URL path [/**/favicon.ico] onto handler of type [class org.springframework.web.servlet.resource.ResourceHttpRequestHandler]
4454 [main] DEBUG o.m.s.b.a.MybatisAutoConfiguration - No org.mybatis.spring.mapper.MapperFactoryBean found.
4636 [main] INFO  o.s.j.e.a.AnnotationMBeanExporter - Registering beans for JMX exposure on startup
4654 [main] INFO  o.a.coyote.http11.Http11NioProtocol - Initializing ProtocolHandler ["http-nio-8088"]
4664 [main] INFO  o.a.coyote.http11.Http11NioProtocol - Starting ProtocolHandler [http-nio-8088]
4676 [main] INFO  o.a.tomcat.util.net.NioSelectorPool - Using a shared selector for servlet write/read
4702 [main] INFO  o.s.b.c.e.t.TomcatEmbeddedServletContainer - Tomcat started on port(s): 8088 (http)
4706 [main] INFO  com.sting.StingApplication - Started StingApplication in 4.229 seconds (JVM running for 5.359)
1092554 [http-nio-8088-exec-1] INFO  o.a.c.c.C.[Tomcat].[localhost].[/] - Initializing Spring FrameworkServlet 'dispatcherServlet'
1092554 [http-nio-8088-exec-1] INFO  o.s.web.servlet.DispatcherServlet - FrameworkServlet 'dispatcherServlet': initialization started
1092570 [http-nio-8088-exec-1] INFO  o.s.web.servlet.DispatcherServlet - FrameworkServlet 'dispatcherServlet': initialization completed in 16 ms
1092608 [http-nio-8088-exec-1] DEBUG com.sting.controller.MainController - jinuk
1093341 [http-nio-8088-exec-2] DEBUG com.sting.controller.MainController - jinuk
1134454 [http-nio-8088-exec-2] DEBUG com.sting.controller.MainController - jinuk
4383082 [RMI TCP Connection(2)-192.168.0.39] INFO  o.s.b.a.SpringApplicationAdminMXBeanRegistrar$SpringApplicationAdmin - Application shutdown requested.
4383082 [RMI TCP Connection(2)-192.168.0.39] INFO  o.s.b.c.e.AnnotationConfigEmbeddedWebApplicationContext - Closing org.springframework.boot.context.embedded.AnnotationConfigEmbeddedWebApplicationContext@52b1beb6: startup date [Thu Aug 25 18:14:01 KST 2016]; root of context hierarchy
4383084 [RMI TCP Connection(2)-192.168.0.39] INFO  o.s.j.e.a.AnnotationMBeanExporter - Unregistering JMX-exposed beans on shutdown
774  [main] INFO  com.sting.StingApplication - Starting StingApplication on HP-HP with PID 8924 (C:\Users\HP\Desktop\sting\sting\bin started by HP in C:\Users\HP\Desktop\sting\sting)
777  [main] DEBUG com.sting.StingApplication - Running with Spring Boot v1.4.0.RELEASE, Spring v4.3.2.RELEASE
777  [main] INFO  com.sting.StingApplication - No active profile set, falling back to default profiles: default
888  [main] INFO  o.s.b.c.e.AnnotationConfigEmbeddedWebApplicationContext - Refreshing org.springframework.boot.context.embedded.AnnotationConfigEmbeddedWebApplicationContext@52b1beb6: startup date [Thu Aug 25 19:27:06 KST 2016]; root of context hierarchy
1003 [background-preinit] DEBUG org.jboss.logging - Logging Provider: org.jboss.logging.Slf4jLoggerProvider found via system property
1004 [background-preinit] INFO  o.h.validator.internal.util.Version - HV000001: Hibernate Validator 5.2.4.Final
1040 [background-preinit] DEBUG o.h.v.i.e.r.DefaultTraversableResolver - Cannot find javax.persistence.Persistence on classpath. Assuming non JPA 2 environment. All properties will per default be traversable.
1662 [main] DEBUG o.m.s.b.a.MybatisAutoConfiguration - Searching for mappers annotated with @Mapper'
1664 [main] DEBUG o.m.s.b.a.MybatisAutoConfiguration - Using auto-configuration base package 'com.sting'
1669 [main] DEBUG o.m.s.mapper.ClassPathMapperScanner - Identified candidate component class: file [C:\Users\HP\Desktop\sting\sting\bin\com\sting\dao\UserDao.class]
1674 [main] DEBUG o.m.s.mapper.ClassPathMapperScanner - Creating MapperFactoryBean with name 'userDao' and 'com.sting.dao.UserDao' mapperInterface
1674 [main] DEBUG o.m.s.mapper.ClassPathMapperScanner - Enabling autowire by type for MapperFactoryBean with name 'userDao'.
2007 [main] INFO  o.s.c.s.PostProcessorRegistrationDelegate$BeanPostProcessorChecker - Bean 'org.springframework.transaction.annotation.ProxyTransactionManagementConfiguration' of type [class org.springframework.transaction.annotation.ProxyTransactionManagementConfiguration$$EnhancerBySpringCGLIB$$26969b58] is not eligible for getting processed by all BeanPostProcessors (for example: not eligible for auto-proxying)
2100 [main] DEBUG o.h.v.i.e.r.DefaultTraversableResolver - Cannot find javax.persistence.Persistence on classpath. Assuming non JPA 2 environment. All properties will per default be traversable.
2102 [main] DEBUG o.h.v.i.engine.ConfigurationImpl - Setting custom MessageInterpolator of type org.springframework.validation.beanvalidation.LocaleContextMessageInterpolator
2102 [main] DEBUG o.h.v.i.engine.ConfigurationImpl - Setting custom ConstraintValidatorFactory of type org.springframework.validation.beanvalidation.SpringConstraintValidatorFactory
2103 [main] DEBUG o.h.v.i.engine.ConfigurationImpl - Setting custom ParameterNameProvider of type com.sun.proxy.$Proxy45
2105 [main] DEBUG o.h.v.i.xml.ValidationXmlParser - Trying to load META-INF/validation.xml for XML based Validator configuration.
2106 [main] DEBUG o.h.v.i.xml.ResourceLoaderHelper - Trying to load META-INF/validation.xml via user class loader
2106 [main] DEBUG o.h.v.i.xml.ResourceLoaderHelper - Trying to load META-INF/validation.xml via TCCL
2107 [main] DEBUG o.h.v.i.xml.ResourceLoaderHelper - Trying to load META-INF/validation.xml via Hibernate Validator's class loader
2107 [main] DEBUG o.h.v.i.xml.ValidationXmlParser - No META-INF/validation.xml found. Using annotation based configuration only.
2446 [main] INFO  o.s.b.c.e.t.TomcatEmbeddedServletContainer - Tomcat initialized with port(s): 8088 (http)
2463 [main] INFO  o.a.catalina.core.StandardService - Starting service Tomcat
2465 [main] INFO  o.a.catalina.core.StandardEngine - Starting Servlet Engine: Apache Tomcat/8.5.4
2878 [localhost-startStop-1] INFO  o.apache.jasper.servlet.TldScanner - At least one JAR was scanned for TLDs yet contained no TLDs. Enable debug logging for this logger for a complete list of JARs that were scanned but no TLDs were found in them. Skipping unneeded JARs during scanning can improve startup time and JSP compilation time.
2883 [localhost-startStop-1] INFO  o.a.c.c.C.[Tomcat].[localhost].[/] - Initializing Spring embedded WebApplicationContext
2884 [localhost-startStop-1] INFO  o.s.web.context.ContextLoader - Root WebApplicationContext: initialization completed in 1996 ms
3177 [localhost-startStop-1] INFO  o.s.b.w.s.FilterRegistrationBean - Mapping filter: 'characterEncodingFilter' to: [/*]
3177 [localhost-startStop-1] INFO  o.s.b.w.s.FilterRegistrationBean - Mapping filter: 'hiddenHttpMethodFilter' to: [/*]
3178 [localhost-startStop-1] INFO  o.s.b.w.s.FilterRegistrationBean - Mapping filter: 'httpPutFormContentFilter' to: [/*]
3178 [localhost-startStop-1] INFO  o.s.b.w.s.FilterRegistrationBean - Mapping filter: 'requestContextFilter' to: [/*]
3180 [localhost-startStop-1] INFO  o.s.b.w.s.DelegatingFilterProxyRegistrationBean - Mapping filter: 'springSecurityFilterChain' to: [/*]
3180 [localhost-startStop-1] INFO  o.s.b.w.s.ServletRegistrationBean - Mapping servlet: 'dispatcherServlet' to [/]
3402 [main] DEBUG o.apache.ibatis.logging.LogFactory - Logging initialized using 'class org.apache.ibatis.logging.slf4j.Slf4jImpl' adapter.
3413 [main] DEBUG o.m.spring.SqlSessionFactoryBean - Property `configuration` or 'configLocation' not specified, using default MyBatis Configuration
3577 [main] DEBUG o.m.spring.SqlSessionFactoryBean - Parsed mapper file: 'file [C:\Users\HP\Desktop\sting\sting\bin\mybatis\mapper\mapper.xml]'
4145 [main] INFO  o.s.s.w.DefaultSecurityFilterChain - Creating filter chain: org.springframework.security.web.util.matcher.AnyRequestMatcher@1, [org.springframework.security.web.context.request.async.WebAsyncManagerIntegrationFilter@3a22bad6, org.springframework.security.web.context.SecurityContextPersistenceFilter@1866da85, org.springframework.security.web.header.HeaderWriterFilter@72825400, org.springframework.security.web.csrf.CsrfFilter@382c90c2, org.springframework.security.web.authentication.logout.LogoutFilter@15b82644, org.springframework.security.web.authentication.UsernamePasswordAuthenticationFilter@35eb4a3b, org.springframework.security.web.savedrequest.RequestCacheAwareFilter@78226c36, org.springframework.security.web.servletapi.SecurityContextHolderAwareRequestFilter@622fdb81, org.springframework.security.web.authentication.AnonymousAuthenticationFilter@56afdf9a, org.springframework.security.web.session.SessionManagementFilter@5f117b3d, org.springframework.security.web.access.ExceptionTranslationFilter@29f85fe1, org.springframework.security.web.access.intercept.FilterSecurityInterceptor@6b4283c4]
4211 [main] DEBUG o.h.v.i.e.r.DefaultTraversableResolver - Cannot find javax.persistence.Persistence on classpath. Assuming non JPA 2 environment. All properties will per default be traversable.
4211 [main] DEBUG o.h.v.i.engine.ConfigurationImpl - Setting custom MessageInterpolator of type org.springframework.validation.beanvalidation.LocaleContextMessageInterpolator
4211 [main] DEBUG o.h.v.i.engine.ConfigurationImpl - Setting custom ConstraintValidatorFactory of type org.springframework.validation.beanvalidation.SpringConstraintValidatorFactory
4212 [main] DEBUG o.h.v.i.engine.ConfigurationImpl - Setting custom ParameterNameProvider of type com.sun.proxy.$Proxy45
4212 [main] DEBUG o.h.v.i.xml.ValidationXmlParser - Trying to load META-INF/validation.xml for XML based Validator configuration.
4212 [main] DEBUG o.h.v.i.xml.ResourceLoaderHelper - Trying to load META-INF/validation.xml via user class loader
4212 [main] DEBUG o.h.v.i.xml.ResourceLoaderHelper - Trying to load META-INF/validation.xml via TCCL
4212 [main] DEBUG o.h.v.i.xml.ResourceLoaderHelper - Trying to load META-INF/validation.xml via Hibernate Validator's class loader
4213 [main] DEBUG o.h.v.i.xml.ValidationXmlParser - No META-INF/validation.xml found. Using annotation based configuration only.
4228 [main] INFO  o.s.w.s.m.m.a.RequestMappingHandlerAdapter - Looking for @ControllerAdvice: org.springframework.boot.context.embedded.AnnotationConfigEmbeddedWebApplicationContext@52b1beb6: startup date [Thu Aug 25 19:27:06 KST 2016]; root of context hierarchy
4287 [main] INFO  o.s.w.s.m.m.a.RequestMappingHandlerMapping - Mapped "{[/loginProcess.do]}" onto public java.lang.String com.sting.controller.AuthController.loginProcess(org.springframework.ui.Model)
4289 [main] INFO  o.s.w.s.m.m.a.RequestMappingHandlerMapping - Mapped "{[/]}" onto public java.lang.String com.sting.controller.MainController.index(org.springframework.ui.Model)
4289 [main] INFO  o.s.w.s.m.m.a.RequestMappingHandlerMapping - Mapped "{[/login]}" onto public java.lang.String com.sting.controller.MainController.tt(org.springframework.ui.Model)
4289 [main] INFO  o.s.w.s.m.m.a.RequestMappingHandlerMapping - Mapped "{[/admin]}" onto public java.lang.String com.sting.controller.MainController.adminP()
4289 [main] INFO  o.s.w.s.m.m.a.RequestMappingHandlerMapping - Mapped "{[/agree]}" onto public java.lang.String com.sting.controller.MainController.agree()
4289 [main] INFO  o.s.w.s.m.m.a.RequestMappingHandlerMapping - Mapped "{[/insert]}" onto public java.lang.String com.sting.controller.MainController.hh()
4292 [main] INFO  o.s.w.s.m.m.a.RequestMappingHandlerMapping - Mapped "{[/error]}" onto public org.springframework.http.ResponseEntity<java.util.Map<java.lang.String, java.lang.Object>> org.springframework.boot.autoconfigure.web.BasicErrorController.error(javax.servlet.http.HttpServletRequest)
4293 [main] INFO  o.s.w.s.m.m.a.RequestMappingHandlerMapping - Mapped "{[/error],produces=[text/html]}" onto public org.springframework.web.servlet.ModelAndView org.springframework.boot.autoconfigure.web.BasicErrorController.errorHtml(javax.servlet.http.HttpServletRequest,javax.servlet.http.HttpServletResponse)
4329 [main] INFO  o.s.w.s.h.SimpleUrlHandlerMapping - Mapped URL path [/webjars/**] onto handler of type [class org.springframework.web.servlet.resource.ResourceHttpRequestHandler]
4329 [main] INFO  o.s.w.s.h.SimpleUrlHandlerMapping - Mapped URL path [/**] onto handler of type [class org.springframework.web.servlet.resource.ResourceHttpRequestHandler]
4368 [main] INFO  o.s.w.s.h.SimpleUrlHandlerMapping - Mapped URL path [/**/favicon.ico] onto handler of type [class org.springframework.web.servlet.resource.ResourceHttpRequestHandler]
4404 [main] DEBUG o.m.s.b.a.MybatisAutoConfiguration - No org.mybatis.spring.mapper.MapperFactoryBean found.
4585 [main] INFO  o.s.j.e.a.AnnotationMBeanExporter - Registering beans for JMX exposure on startup
4605 [main] INFO  o.a.coyote.http11.Http11NioProtocol - Initializing ProtocolHandler ["http-nio-8088"]
4615 [main] INFO  o.a.coyote.http11.Http11NioProtocol - Starting ProtocolHandler [http-nio-8088]
4628 [main] INFO  o.a.tomcat.util.net.NioSelectorPool - Using a shared selector for servlet write/read
4656 [main] INFO  o.s.b.c.e.t.TomcatEmbeddedServletContainer - Tomcat started on port(s): 8088 (http)
4660 [main] INFO  com.sting.StingApplication - Started StingApplication in 4.223 seconds (JVM running for 5.173)
6775 [http-nio-8088-exec-1] INFO  o.a.c.c.C.[Tomcat].[localhost].[/] - Initializing Spring FrameworkServlet 'dispatcherServlet'
6775 [http-nio-8088-exec-1] INFO  o.s.web.servlet.DispatcherServlet - FrameworkServlet 'dispatcherServlet': initialization started
6800 [http-nio-8088-exec-1] INFO  o.s.web.servlet.DispatcherServlet - FrameworkServlet 'dispatcherServlet': initialization completed in 25 ms
22774 [http-nio-8088-exec-7] DEBUG com.sting.controller.MainController - jinuk
35317 [RMI TCP Connection(2)-192.168.0.39] INFO  o.s.b.a.SpringApplicationAdminMXBeanRegistrar$SpringApplicationAdmin - Application shutdown requested.
35318 [RMI TCP Connection(2)-192.168.0.39] INFO  o.s.b.c.e.AnnotationConfigEmbeddedWebApplicationContext - Closing org.springframework.boot.context.embedded.AnnotationConfigEmbeddedWebApplicationContext@52b1beb6: startup date [Thu Aug 25 19:27:06 KST 2016]; root of context hierarchy
35321 [RMI TCP Connection(2)-192.168.0.39] INFO  o.s.j.e.a.AnnotationMBeanExporter - Unregistering JMX-exposed beans on shutdown
843  [main] INFO  com.sting.StingApplication - Starting StingApplication on HP-HP with PID 10052 (C:\Users\HP\Desktop\sting\sting\bin started by HP in C:\Users\HP\Desktop\sting\sting)
847  [main] DEBUG com.sting.StingApplication - Running with Spring Boot v1.4.0.RELEASE, Spring v4.3.2.RELEASE
848  [main] INFO  com.sting.StingApplication - No active profile set, falling back to default profiles: default
907  [main] INFO  o.s.b.c.e.AnnotationConfigEmbeddedWebApplicationContext - Refreshing org.springframework.boot.context.embedded.AnnotationConfigEmbeddedWebApplicationContext@52b1beb6: startup date [Thu Aug 25 19:27:44 KST 2016]; root of context hierarchy
1046 [background-preinit] DEBUG org.jboss.logging - Logging Provider: org.jboss.logging.Slf4jLoggerProvider found via system property
1048 [background-preinit] INFO  o.h.validator.internal.util.Version - HV000001: Hibernate Validator 5.2.4.Final
1094 [background-preinit] DEBUG o.h.v.i.e.r.DefaultTraversableResolver - Cannot find javax.persistence.Persistence on classpath. Assuming non JPA 2 environment. All properties will per default be traversable.
1745 [main] DEBUG o.m.s.b.a.MybatisAutoConfiguration - Searching for mappers annotated with @Mapper'
1748 [main] DEBUG o.m.s.b.a.MybatisAutoConfiguration - Using auto-configuration base package 'com.sting'
1753 [main] DEBUG o.m.s.mapper.ClassPathMapperScanner - Identified candidate component class: file [C:\Users\HP\Desktop\sting\sting\bin\com\sting\dao\UserDao.class]
1757 [main] DEBUG o.m.s.mapper.ClassPathMapperScanner - Creating MapperFactoryBean with name 'userDao' and 'com.sting.dao.UserDao' mapperInterface
1758 [main] DEBUG o.m.s.mapper.ClassPathMapperScanner - Enabling autowire by type for MapperFactoryBean with name 'userDao'.
2087 [main] INFO  o.s.c.s.PostProcessorRegistrationDelegate$BeanPostProcessorChecker - Bean 'org.springframework.transaction.annotation.ProxyTransactionManagementConfiguration' of type [class org.springframework.transaction.annotation.ProxyTransactionManagementConfiguration$$EnhancerBySpringCGLIB$$26969b58] is not eligible for getting processed by all BeanPostProcessors (for example: not eligible for auto-proxying)
2184 [main] DEBUG o.h.v.i.e.r.DefaultTraversableResolver - Cannot find javax.persistence.Persistence on classpath. Assuming non JPA 2 environment. All properties will per default be traversable.
2186 [main] DEBUG o.h.v.i.engine.ConfigurationImpl - Setting custom MessageInterpolator of type org.springframework.validation.beanvalidation.LocaleContextMessageInterpolator
2186 [main] DEBUG o.h.v.i.engine.ConfigurationImpl - Setting custom ConstraintValidatorFactory of type org.springframework.validation.beanvalidation.SpringConstraintValidatorFactory
2188 [main] DEBUG o.h.v.i.engine.ConfigurationImpl - Setting custom ParameterNameProvider of type com.sun.proxy.$Proxy45
2190 [main] DEBUG o.h.v.i.xml.ValidationXmlParser - Trying to load META-INF/validation.xml for XML based Validator configuration.
2192 [main] DEBUG o.h.v.i.xml.ResourceLoaderHelper - Trying to load META-INF/validation.xml via user class loader
2193 [main] DEBUG o.h.v.i.xml.ResourceLoaderHelper - Trying to load META-INF/validation.xml via TCCL
2194 [main] DEBUG o.h.v.i.xml.ResourceLoaderHelper - Trying to load META-INF/validation.xml via Hibernate Validator's class loader
2194 [main] DEBUG o.h.v.i.xml.ValidationXmlParser - No META-INF/validation.xml found. Using annotation based configuration only.
2582 [main] INFO  o.s.b.c.e.t.TomcatEmbeddedServletContainer - Tomcat initialized with port(s): 8088 (http)
2596 [main] INFO  o.a.catalina.core.StandardService - Starting service Tomcat
2597 [main] INFO  o.a.catalina.core.StandardEngine - Starting Servlet Engine: Apache Tomcat/8.5.4
2987 [localhost-startStop-1] INFO  o.apache.jasper.servlet.TldScanner - At least one JAR was scanned for TLDs yet contained no TLDs. Enable debug logging for this logger for a complete list of JARs that were scanned but no TLDs were found in them. Skipping unneeded JARs during scanning can improve startup time and JSP compilation time.
2993 [localhost-startStop-1] INFO  o.a.c.c.C.[Tomcat].[localhost].[/] - Initializing Spring embedded WebApplicationContext
2994 [localhost-startStop-1] INFO  o.s.web.context.ContextLoader - Root WebApplicationContext: initialization completed in 2086 ms
3253 [localhost-startStop-1] INFO  o.s.b.w.s.FilterRegistrationBean - Mapping filter: 'characterEncodingFilter' to: [/*]
3254 [localhost-startStop-1] INFO  o.s.b.w.s.FilterRegistrationBean - Mapping filter: 'hiddenHttpMethodFilter' to: [/*]
3254 [localhost-startStop-1] INFO  o.s.b.w.s.FilterRegistrationBean - Mapping filter: 'httpPutFormContentFilter' to: [/*]
3254 [localhost-startStop-1] INFO  o.s.b.w.s.FilterRegistrationBean - Mapping filter: 'requestContextFilter' to: [/*]
3255 [localhost-startStop-1] INFO  o.s.b.w.s.DelegatingFilterProxyRegistrationBean - Mapping filter: 'springSecurityFilterChain' to: [/*]
3256 [localhost-startStop-1] INFO  o.s.b.w.s.ServletRegistrationBean - Mapping servlet: 'dispatcherServlet' to [/]
3485 [main] DEBUG o.apache.ibatis.logging.LogFactory - Logging initialized using 'class org.apache.ibatis.logging.slf4j.Slf4jImpl' adapter.
3491 [main] DEBUG o.m.spring.SqlSessionFactoryBean - Property `configuration` or 'configLocation' not specified, using default MyBatis Configuration
3643 [main] DEBUG o.m.spring.SqlSessionFactoryBean - Parsed mapper file: 'file [C:\Users\HP\Desktop\sting\sting\bin\mybatis\mapper\mapper.xml]'
4203 [main] INFO  o.s.s.w.DefaultSecurityFilterChain - Creating filter chain: org.springframework.security.web.util.matcher.AnyRequestMatcher@1, [org.springframework.security.web.context.request.async.WebAsyncManagerIntegrationFilter@3a22bad6, org.springframework.security.web.context.SecurityContextPersistenceFilter@1866da85, org.springframework.security.web.header.HeaderWriterFilter@72825400, org.springframework.security.web.csrf.CsrfFilter@382c90c2, org.springframework.security.web.authentication.logout.LogoutFilter@15b82644, org.springframework.security.web.authentication.UsernamePasswordAuthenticationFilter@35eb4a3b, org.springframework.security.web.savedrequest.RequestCacheAwareFilter@78226c36, org.springframework.security.web.servletapi.SecurityContextHolderAwareRequestFilter@622fdb81, org.springframework.security.web.authentication.AnonymousAuthenticationFilter@56afdf9a, org.springframework.security.web.session.SessionManagementFilter@5f117b3d, org.springframework.security.web.access.ExceptionTranslationFilter@29f85fe1, org.springframework.security.web.access.intercept.FilterSecurityInterceptor@6b4283c4]
4262 [main] DEBUG o.h.v.i.e.r.DefaultTraversableResolver - Cannot find javax.persistence.Persistence on classpath. Assuming non JPA 2 environment. All properties will per default be traversable.
4263 [main] DEBUG o.h.v.i.engine.ConfigurationImpl - Setting custom MessageInterpolator of type org.springframework.validation.beanvalidation.LocaleContextMessageInterpolator
4263 [main] DEBUG o.h.v.i.engine.ConfigurationImpl - Setting custom ConstraintValidatorFactory of type org.springframework.validation.beanvalidation.SpringConstraintValidatorFactory
4263 [main] DEBUG o.h.v.i.engine.ConfigurationImpl - Setting custom ParameterNameProvider of type com.sun.proxy.$Proxy45
4263 [main] DEBUG o.h.v.i.xml.ValidationXmlParser - Trying to load META-INF/validation.xml for XML based Validator configuration.
4264 [main] DEBUG o.h.v.i.xml.ResourceLoaderHelper - Trying to load META-INF/validation.xml via user class loader
4264 [main] DEBUG o.h.v.i.xml.ResourceLoaderHelper - Trying to load META-INF/validation.xml via TCCL
4264 [main] DEBUG o.h.v.i.xml.ResourceLoaderHelper - Trying to load META-INF/validation.xml via Hibernate Validator's class loader
4264 [main] DEBUG o.h.v.i.xml.ValidationXmlParser - No META-INF/validation.xml found. Using annotation based configuration only.
4279 [main] INFO  o.s.w.s.m.m.a.RequestMappingHandlerAdapter - Looking for @ControllerAdvice: org.springframework.boot.context.embedded.AnnotationConfigEmbeddedWebApplicationContext@52b1beb6: startup date [Thu Aug 25 19:27:44 KST 2016]; root of context hierarchy
4335 [main] INFO  o.s.w.s.m.m.a.RequestMappingHandlerMapping - Mapped "{[/loginProcess.do]}" onto public java.lang.String com.sting.controller.AuthController.loginProcess(org.springframework.ui.Model)
4337 [main] INFO  o.s.w.s.m.m.a.RequestMappingHandlerMapping - Mapped "{[/]}" onto public java.lang.String com.sting.controller.MainController.index(org.springframework.ui.Model)
4337 [main] INFO  o.s.w.s.m.m.a.RequestMappingHandlerMapping - Mapped "{[/login]}" onto public java.lang.String com.sting.controller.MainController.tt(org.springframework.ui.Model)
4337 [main] INFO  o.s.w.s.m.m.a.RequestMappingHandlerMapping - Mapped "{[/admin]}" onto public java.lang.String com.sting.controller.MainController.adminP()
4337 [main] INFO  o.s.w.s.m.m.a.RequestMappingHandlerMapping - Mapped "{[/agree]}" onto public java.lang.String com.sting.controller.MainController.agree()
4338 [main] INFO  o.s.w.s.m.m.a.RequestMappingHandlerMapping - Mapped "{[/insert]}" onto public java.lang.String com.sting.controller.MainController.hh()
4341 [main] INFO  o.s.w.s.m.m.a.RequestMappingHandlerMapping - Mapped "{[/error]}" onto public org.springframework.http.ResponseEntity<java.util.Map<java.lang.String, java.lang.Object>> org.springframework.boot.autoconfigure.web.BasicErrorController.error(javax.servlet.http.HttpServletRequest)
4341 [main] INFO  o.s.w.s.m.m.a.RequestMappingHandlerMapping - Mapped "{[/error],produces=[text/html]}" onto public org.springframework.web.servlet.ModelAndView org.springframework.boot.autoconfigure.web.BasicErrorController.errorHtml(javax.servlet.http.HttpServletRequest,javax.servlet.http.HttpServletResponse)
4371 [main] INFO  o.s.w.s.h.SimpleUrlHandlerMapping - Mapped URL path [/webjars/**] onto handler of type [class org.springframework.web.servlet.resource.ResourceHttpRequestHandler]
4372 [main] INFO  o.s.w.s.h.SimpleUrlHandlerMapping - Mapped URL path [/**] onto handler of type [class org.springframework.web.servlet.resource.ResourceHttpRequestHandler]
4404 [main] INFO  o.s.w.s.h.SimpleUrlHandlerMapping - Mapped URL path [/**/favicon.ico] onto handler of type [class org.springframework.web.servlet.resource.ResourceHttpRequestHandler]
4433 [main] DEBUG o.m.s.b.a.MybatisAutoConfiguration - No org.mybatis.spring.mapper.MapperFactoryBean found.
4604 [main] INFO  o.s.j.e.a.AnnotationMBeanExporter - Registering beans for JMX exposure on startup
4621 [main] INFO  o.a.coyote.http11.Http11NioProtocol - Initializing ProtocolHandler ["http-nio-8088"]
4629 [main] INFO  o.a.coyote.http11.Http11NioProtocol - Starting ProtocolHandler [http-nio-8088]
4638 [main] INFO  o.a.tomcat.util.net.NioSelectorPool - Using a shared selector for servlet write/read
4661 [main] INFO  o.s.b.c.e.t.TomcatEmbeddedServletContainer - Tomcat started on port(s): 8088 (http)
4666 [main] INFO  com.sting.StingApplication - Started StingApplication in 4.178 seconds (JVM running for 5.128)
7387 [http-nio-8088-exec-1] INFO  o.a.c.c.C.[Tomcat].[localhost].[/] - Initializing Spring FrameworkServlet 'dispatcherServlet'
7387 [http-nio-8088-exec-1] INFO  o.s.web.servlet.DispatcherServlet - FrameworkServlet 'dispatcherServlet': initialization started
7420 [http-nio-8088-exec-1] INFO  o.s.web.servlet.DispatcherServlet - FrameworkServlet 'dispatcherServlet': initialization completed in 33 ms
7371333 [RMI TCP Connection(2)-192.168.0.39] INFO  o.s.b.a.SpringApplicationAdminMXBeanRegistrar$SpringApplicationAdmin - Application shutdown requested.
7371334 [RMI TCP Connection(2)-192.168.0.39] INFO  o.s.b.c.e.AnnotationConfigEmbeddedWebApplicationContext - Closing org.springframework.boot.context.embedded.AnnotationConfigEmbeddedWebApplicationContext@52b1beb6: startup date [Thu Aug 25 19:27:44 KST 2016]; root of context hierarchy
7371340 [RMI TCP Connection(2)-192.168.0.39] INFO  o.s.j.e.a.AnnotationMBeanExporter - Unregistering JMX-exposed beans on shutdown
